TN:
SF:src\auth\dataverseAuth.ts
FN:10,(anonymous_0)
FN:27,(anonymous_1)
FN:73,(anonymous_2)
FN:82,(anonymous_3)
FNF:4
FNH:0
FNDA:0,(anonymous_0)
FNDA:0,(anonymous_1)
FNDA:0,(anonymous_2)
FNDA:0,(anonymous_3)
DA:1,1
DA:2,1
DA:5,1
DA:7,0
DA:8,0
DA:11,0
DA:13,0
DA:21,0
DA:28,0
DA:30,0
DA:31,0
DA:32,0
DA:35,0
DA:38,0
DA:43,0
DA:45,0
DA:46,0
DA:50,0
DA:58,0
DA:60,0
DA:61,0
DA:63,0
DA:65,0
DA:66,0
DA:74,0
DA:75,0
DA:76,0
DA:83,0
DA:84,0
LF:29
LH:3
BRDA:30,0,0,0
BRDA:30,1,0,0
BRDA:30,1,1,0
BRDA:45,2,0,0
BRDA:53,3,0,0
BRDA:53,3,1,0
BRDA:54,4,0,0
BRDA:54,4,1,0
BRDA:58,5,0,0
BRDA:58,5,1,0
BRDA:66,6,0,0
BRDA:66,6,1,0
BRF:12
BRH:0
end_of_record
TN:
SF:src\config\environment.ts
FNF:0
FNH:0
DA:1,5
DA:4,5
DA:6,5
DA:22,5
DA:29,5
DA:30,20
DA:31,0
DA:35,5
DA:36,5
DA:37,5
LF:10
LH:9
BRDA:14,0,0,5
BRDA:14,0,1,0
BRDA:17,1,0,5
BRDA:17,1,1,5
BRDA:30,2,0,0
BRF:5
BRH:3
end_of_record
TN:
SF:src\services\dataverseService.ts
FN:28,(anonymous_1)
FN:46,(anonymous_2)
FN:54,(anonymous_3)
FN:55,(anonymous_4)
FN:64,(anonymous_5)
FN:79,(anonymous_6)
FN:97,(anonymous_7)
FN:136,(anonymous_8)
FN:160,(anonymous_9)
FN:180,(anonymous_10)
FN:196,(anonymous_11)
FN:228,(anonymous_12)
FN:251,(anonymous_13)
FN:269,(anonymous_14)
FN:275,(anonymous_15)
FN:276,(anonymous_16)
FN:289,(anonymous_17)
FNF:17
FNH:0
FNDA:0,(anonymous_1)
FNDA:0,(anonymous_2)
FNDA:0,(anonymous_3)
FNDA:0,(anonymous_4)
FNDA:0,(anonymous_5)
FNDA:0,(anonymous_6)
FNDA:0,(anonymous_7)
FNDA:0,(anonymous_8)
FNDA:0,(anonymous_9)
FNDA:0,(anonymous_10)
FNDA:0,(anonymous_11)
FNDA:0,(anonymous_12)
FNDA:0,(anonymous_13)
FNDA:0,(anonymous_14)
FNDA:0,(anonymous_15)
FNDA:0,(anonymous_16)
FNDA:0,(anonymous_17)
DA:1,1
DA:2,1
DA:3,1
DA:4,1
DA:21,1
DA:23,1
DA:29,0
DA:31,0
DA:32,0
DA:34,0
DA:46,0
DA:47,0
DA:48,0
DA:49,0
DA:53,0
DA:54,0
DA:56,0
DA:57,0
DA:61,0
DA:65,0
DA:66,0
DA:67,0
DA:69,0
DA:70,0
DA:72,0
DA:73,0
DA:75,0
DA:80,0
DA:82,0
DA:83,0
DA:84,0
DA:85,0
DA:86,0
DA:87,0
DA:88,0
DA:90,0
DA:91,0
DA:98,0
DA:99,0
DA:100,0
DA:102,0
DA:113,0
DA:117,0
DA:119,0
DA:120,0
DA:122,0
DA:123,0
DA:126,0
DA:128,0
DA:129,0
DA:137,0
DA:138,0
DA:140,0
DA:141,0
DA:142,0
DA:144,0
DA:145,0
DA:149,0
DA:150,0
DA:152,0
DA:153,0
DA:161,0
DA:162,0
DA:163,0
DA:165,0
DA:170,0
DA:172,0
DA:173,0
DA:181,0
DA:182,0
DA:184,0
DA:186,0
DA:188,0
DA:189,0
DA:197,0
DA:198,0
DA:200,0
DA:210,0
DA:211,0
DA:213,0
DA:217,0
DA:218,0
DA:220,0
DA:221,0
DA:229,0
DA:230,0
DA:232,0
DA:236,0
DA:241,0
DA:243,0
DA:244,0
DA:252,0
DA:253,0
DA:255,0
DA:259,0
DA:261,0
DA:262,0
DA:270,0
DA:271,0
DA:273,0
DA:274,0
DA:275,0
DA:276,0
DA:278,0
DA:279,0
DA:281,0
DA:282,0
DA:290,0
DA:291,0
DA:293,0
DA:297,0
DA:298,0
DA:300,0
DA:301,0
LF:114
LH:6
BRDA:65,0,0,0
BRDA:65,0,1,0
BRDA:67,1,0,0
BRDA:67,1,1,0
BRDA:69,2,0,0
BRDA:72,3,0,0
BRDA:72,3,1,0
BRDA:82,4,0,0
BRDA:83,5,0,0
BRDA:84,6,0,0
BRDA:85,7,0,0
BRDA:86,8,0,0
BRDA:87,9,0,0
BRDA:88,10,0,0
BRDA:91,11,0,0
BRDA:91,11,1,0
BRDA:113,12,0,0
BRDA:113,12,1,0
BRDA:113,12,2,0
BRDA:117,13,0,0
BRDA:120,14,0,0
BRDA:120,14,1,0
BRDA:141,15,0,0
BRDA:142,16,0,0
BRDA:217,17,0,0
BRDA:217,17,1,0
BRF:26
BRH:0
end_of_record
TN:
SF:src\tools\createRecord.ts
FN:28,handleCreateRecord
FNF:1
FNH:1
FNDA:3,handleCreateRecord
DA:3,2
DA:4,2
DA:6,2
DA:8,2
DA:28,2
DA:32,3
DA:33,3
DA:36,3
DA:37,2
DA:39,2
DA:40,0
DA:43,2
DA:46,2
DA:51,1
DA:52,1
DA:54,1
DA:63,2
DA:64,2
DA:66,2
LF:19
LH:18
BRDA:39,0,0,0
BRDA:39,1,0,2
BRDA:39,1,1,2
BRDA:63,2,0,2
BRDA:63,2,1,0
BRF:5
BRH:3
end_of_record
TN:
SF:src\tools\deleteRecord.ts
FN:27,handleDeleteRecord
FNF:1
FNH:1
FNDA:2,handleDeleteRecord
DA:3,2
DA:4,2
DA:6,2
DA:8,2
DA:27,2
DA:31,2
DA:32,2
DA:35,2
DA:36,2
DA:38,2
DA:41,2
DA:46,1
DA:47,1
DA:49,1
DA:58,1
DA:59,1
DA:61,1
LF:17
LH:17
BRDA:58,0,0,1
BRDA:58,0,1,0
BRF:2
BRH:1
end_of_record
TN:
SF:src\tools\listTables.ts
FN:17,handleListTables
FN:31,(anonymous_1)
FNF:2
FNH:2
FNDA:2,handleListTables
FNDA:4,(anonymous_1)
DA:3,2
DA:5,2
DA:7,2
DA:17,2
DA:21,2
DA:22,2
DA:25,2
DA:27,1
DA:28,1
DA:31,4
DA:32,1
DA:34,1
DA:43,1
DA:44,1
DA:46,1
LF:15
LH:15
BRDA:43,0,0,1
BRDA:43,0,1,0
BRF:2
BRH:1
end_of_record
TN:
SF:src\tools\queryRecords.ts
FN:51,handleQueryRecords
FNF:1
FNH:1
FNDA:3,handleQueryRecords
DA:3,2
DA:4,2
DA:6,2
DA:8,2
DA:51,2
DA:55,3
DA:56,3
DA:59,3
DA:60,3
DA:61,3
DA:62,3
DA:65,3
DA:66,2
DA:69,2
DA:70,2
DA:72,2
DA:75,2
DA:86,2
DA:87,2
DA:89,2
DA:90,2
DA:91,1
DA:94,2
DA:97,2
DA:99,2
DA:100,1
DA:102,1
DA:106,2
DA:107,0
DA:110,2
DA:119,1
DA:120,1
DA:122,1
LF:33
LH:32
BRDA:60,0,0,1
BRDA:60,0,1,2
BRDA:61,1,0,0
BRDA:61,1,1,3
BRDA:62,2,0,0
BRDA:62,2,1,3
BRDA:65,3,0,2
BRDA:65,3,1,1
BRDA:66,4,0,0
BRDA:66,4,1,2
BRDA:69,5,0,1
BRDA:69,5,1,1
BRDA:70,6,0,0
BRDA:70,6,1,2
BRDA:86,7,0,2
BRDA:86,7,1,1
BRDA:90,8,0,1
BRDA:99,9,0,1
BRDA:99,9,1,1
BRDA:99,10,0,2
BRDA:99,10,1,2
BRDA:106,11,0,0
BRDA:119,12,0,1
BRDA:119,12,1,0
BRF:24
BRH:18
end_of_record
TN:
SF:src\tools\readRecord.ts
FN:35,handleReadRecord
FNF:1
FNH:1
FNDA:2,handleReadRecord
DA:3,2
DA:4,2
DA:6,2
DA:8,2
DA:35,2
DA:39,2
DA:40,2
DA:43,2
DA:44,2
DA:45,1
DA:46,1
DA:48,1
DA:51,1
DA:58,1
DA:59,1
DA:61,1
DA:70,1
DA:71,1
DA:73,1
LF:19
LH:19
BRDA:45,0,0,1
BRDA:45,0,1,0
BRDA:46,1,0,0
BRDA:46,1,1,1
BRDA:70,2,0,1
BRDA:70,2,1,0
BRF:6
BRH:3
end_of_record
TN:
SF:src\tools\updateRecord.ts
FN:32,handleUpdateRecord
FNF:1
FNH:1
FNDA:2,handleUpdateRecord
DA:3,2
DA:4,2
DA:6,2
DA:8,2
DA:32,2
DA:36,2
DA:37,2
DA:40,2
DA:41,2
DA:42,2
DA:44,1
DA:45,0
DA:48,1
DA:51,1
DA:57,1
DA:58,1
DA:60,1
DA:69,1
DA:70,1
DA:72,1
LF:20
LH:19
BRDA:44,0,0,0
BRDA:44,1,0,1
BRDA:44,1,1,1
BRDA:69,2,0,1
BRDA:69,2,1,0
BRF:5
BRH:3
end_of_record
TN:
SF:src\utils\logger.ts
FN:3,(anonymous_0)
FN:17,getCurrentLogLevel
FN:29,(anonymous_2)
FN:33,(anonymous_3)
FN:42,(anonymous_4)
FN:46,(anonymous_5)
FN:50,(anonymous_6)
FN:54,(anonymous_7)
FN:60,(anonymous_8)
FNF:9
FNH:9
FNDA:5,(anonymous_0)
FNDA:50,getCurrentLogLevel
FNDA:26,(anonymous_2)
FNDA:50,(anonymous_3)
FNDA:11,(anonymous_4)
FNDA:6,(anonymous_5)
FNDA:23,(anonymous_6)
FNDA:10,(anonymous_7)
FNDA:19,(anonymous_8)
DA:1,5
DA:3,5
DA:4,5
DA:5,5
DA:6,5
DA:7,5
DA:10,5
DA:19,50
DA:20,50
DA:21,50
DA:23,0
DA:26,5
DA:30,26
DA:34,50
DA:35,50
DA:36,14
DA:37,14
DA:38,14
DA:43,11
DA:47,6
DA:51,23
DA:55,10
DA:60,19
LF:23
LH:22
BRDA:3,0,0,5
BRDA:3,0,1,5
BRDA:20,1,0,50
BRDA:20,2,0,50
BRDA:20,2,1,50
BRDA:23,3,0,0
BRDA:23,3,1,0
BRDA:35,4,0,14
BRF:8
BRH:6
end_of_record
TN:
SF:src\utils\validation.ts
FN:8,validateRequiredString
FN:18,validateGuid
FN:32,validatePositiveInteger
FN:45,validateNonNegativeInteger
FN:58,validateTableName
FN:72,validateODataQuery
FN:102,validateRequired
FN:112,validateUrl
FN:126,sanitizeODataString
FNF:9
FNH:9
FNDA:43,validateRequiredString
FNDA:12,validateGuid
FNDA:8,validatePositiveInteger
FNDA:5,validateNonNegativeInteger
FNDA:20,validateTableName
FNDA:10,validateODataQuery
FNDA:10,validateRequired
FNDA:4,validateUrl
FNDA:3,sanitizeODataString
DA:1,3
DA:3,3
DA:8,3
DA:9,43
DA:10,9
DA:12,34
DA:18,3
DA:19,12
DA:20,12
DA:22,11
DA:23,4
DA:26,7
DA:32,3
DA:33,8
DA:35,8
DA:36,4
DA:39,4
DA:45,3
DA:46,5
DA:48,5
DA:49,2
DA:52,3
DA:58,3
DA:59,20
DA:60,18
DA:62,18
DA:63,3
DA:66,15
DA:72,3
DA:73,10
DA:75,10
DA:76,2
DA:80,8
DA:89,8
DA:90,33
DA:91,4
DA:92,4
DA:96,4
DA:102,3
DA:103,10
DA:104,3
DA:106,7
DA:112,3
DA:113,4
DA:115,3
DA:116,3
DA:117,2
DA:119,1
DA:126,3
DA:127,3
LF:50
LH:50
BRDA:9,0,0,9
BRDA:9,1,0,43
BRDA:9,1,1,40
BRDA:22,2,0,4
BRDA:35,3,0,4
BRDA:35,4,0,8
BRDA:35,4,1,6
BRDA:48,5,0,2
BRDA:48,6,0,5
BRDA:48,6,1,4
BRDA:58,7,0,0
BRDA:62,8,0,3
BRDA:75,9,0,2
BRDA:90,10,0,4
BRDA:103,11,0,3
BRDA:103,12,0,10
BRDA:103,12,1,9
BRF:17
BRH:16
end_of_record
